2019-03-12 12:41:30,955 - DY - DEBUG - {'ck': 'CK.txt', 'LCD1920x1080': {'geetestRightDn': {'y': 522, 'x': 1482}, 'inputCode': {'y': 369, 'x': 1220, 't': 1}, 'register': {'y': 443, 'x': 1340, 't': 0.6}, 'geetestLeftUp': {'y': 255, 'x': 1223}, 'codeValidate': {'y': 365, 'x': 1445, 't': 1}, 'url': {'y': 50, 'x': 265, 't': 1}, 'copyNicknameBegin': {'y': 307, 'x': 798, 't': 1}, 'goonReg': {'y': 505, 'x': 894, 't': 1}, 'copyNicknameEnd': {'y': 307, 'x': 910, 't': 1}, 'pwd': {'y': 315, 'x': 1240, 't': 1}, 'close': {'y': 4, 'x': 1895, 't': 2}, 'nickname': {'y': 258, 'x': 1331, 't': 1}, 'dragSlider': {'y': 439, 'x': 1255, 't': 1}}, 'jiema': {'pwd': 'a1450905541', 'user': 'duanzu145090'}, 'LCD1440x900': {'geetestRightDn': {'y': 554, 'x': 1249}, 'inputCode': {'y': 405, 'x': 990, 't': 1}, 'register': {'y': 477, 'x': 1130, 't': 0.6}, 'geetestLeftUp': {'y': 289, 'x': 990}, 'codeValidate': {'y': 400, 'x': 1222, 't': 1}, 'url': {'y': 81, 'x': 265, 't': 1}, 'copyNicknameBegin': {'y': 340, 'x': 567, 't': 1}, 'goonReg': {'y': 450, 'x': 665, 't': 1}, 'copyNicknameEnd': {'y': 340, 'x': 687, 't': 2}, 'pwd': {'y': 349, 'x': 1010, 't': 1}, 'close': {'y': 45, 'x': 20, 't': 2}, 'nickname': {'y': 290, 'x': 1090, 't': 1}, 'dragSlider': {'y': 473, 'x': 1024, 't': 1}}, 'firecloud': {'pwd': 'd1ruSRiN85ZSDo2srA', 'user': 'kstr2019'}, 'jsyzm': {'pwd': 'RkuTQszg4JXzrUVX', 'user': 'kstr'}, 'e8372h': True, 'jsdati': {'pwd': 'p2q8uHri9Z4NaVs', 'user': 'a707399420'}, 'up': 'upck.txt', 'jiyan': {'pwd': 'STR@1234', 'user': 164515366}, 'acc': 'acc.txt', 'usedati': True, 'LCD1280x800': {'geetestRightDn': {'y': 554, 'x': 1162}, 'inputCode': {'y': 405, 'x': 910, 't': 1}, 'register': {'y': 477, 'x': 1030, 't': 0.6}, 'geetestLeftUp': {'y': 289, 'x': 903}, 'codeValidate': {'y': 400, 'x': 1130, 't': 1}, 'copyCookie': {'y': 115, 'x': 985, 't': 1}, 'url': {'y': 81, 'x': 265, 't': 1}, 'nickname': {'y': 290, 'x': 1005, 't': 1}, 'copyNicknameBegin': {'y': 340, 'x': 479, 't': 1}, 'goonReg': {'y': 435, 'x': 575, 't': 1}, 'copyNicknameEnd': {'y': 339, 'x': 600, 't': 1}, 'pwd': {'y': 349, 'x': 918, 't': 1}, 'close': {'y': 45, 'x': 20, 't': 2}, 'editCookie': {'y': 82, 'x': 1180, 't': 1}, 'dragSlider': {'y': 473, 'x': 936, 't': 1}}, 'usefirecloud': True, 'tmp': {'validate': '', 'challenge': ''}, 'douyulogintest': True, 'dyconsole': {'url': 'http://127.0.0.1:8889/strapi/http.do'}, 'rebootNum': 10, 'upload': False, 'accupdate': False, 'status': 'R', 'useyzm': False, 'accreg': False}
2019-03-12 12:41:43,439 - DY - INFO - 产生随机密码：LYHao9jI
2019-03-12 12:41:43,487 - DY - INFO - {'geetestRightDn': {'y': 554, 'x': 1162}, 'inputCode': {'y': 405, 'x': 910, 't': 1}, 'register': {'y': 477, 'x': 1030, 't': 0.6}, 'geetestLeftUp': {'y': 289, 'x': 903}, 'codeValidate': {'y': 400, 'x': 1130, 't': 1}, 'copyCookie': {'y': 115, 'x': 985, 't': 1}, 'url': {'y': 81, 'x': 265, 't': 1}, 'nickname': {'y': 290, 'x': 1005, 't': 1}, 'copyNicknameBegin': {'y': 340, 'x': 479, 't': 1}, 'goonReg': {'y': 435, 'x': 575, 't': 1}, 'copyNicknameEnd': {'y': 339, 'x': 600, 't': 1}, 'pwd': {'y': 349, 'x': 918, 't': 1}, 'close': {'y': 45, 'x': 20, 't': 2}, 'editCookie': {'y': 82, 'x': 1180, 't': 1}, 'dragSlider': {'y': 473, 'x': 936, 't': 1}}
2019-03-12 12:41:51,876 - DY - DEBUG - 已经打开页面:https://passport.douyu.com/member/regNew?client_id=1&lang=cn&state=https%3A%2F%2Fwww.douyu.com%2Fmember%2Fcp
2019-03-12 12:41:56,973 - DY - DEBUG - 接码平台链接: http://huoyun888.cn/api/do.php
2019-03-12 12:41:56,974 - DY - DEBUG - 命令字: action=loginIn&name=kstr2019&password=d1ruSRiN85ZSDo2srA
2019-03-12 12:41:56,974 - DY - DEBUG - post 成功, r.status_code=200
2019-03-12 12:41:56,974 - DY - DEBUG - 返回内容：1|3d21649d8e966e91ca8acfb4d66b66f0
2019-03-12 12:41:56,974 - DY - DEBUG - ['1', '3d21649d8e966e91ca8acfb4d66b66f0']
2019-03-12 12:41:58,133 - DY - DEBUG - 接码平台链接: http://huoyun888.cn/api/do.php
2019-03-12 12:41:58,134 - DY - DEBUG - 命令字: action=getPhone&sid=71&token=3d21649d8e966e91ca8acfb4d66b66f0&vno=0
2019-03-12 12:41:58,134 - DY - DEBUG - post 成功, r.status_code=200
2019-03-12 12:41:58,134 - DY - DEBUG - 返回内容：1|15204094945|辽宁 沈阳
2019-03-12 12:41:58,134 - DY - DEBUG - ['1', '15204094945', '\xe8\xbe\xbd\xe5\xae\x81 \xe6\xb2\x88\xe9\x98\xb3']
2019-03-12 12:41:59,757 - DY - DEBUG - 已输入phone number
2019-03-12 12:42:01,379 - DY - DEBUG - 已输入密码
2019-03-12 12:42:04,854 - DY - DEBUG - 已经点击短信验证
2019-03-12 12:42:04,854 - DY - INFO - 2019-03-12 12:42:04
2019-03-12 12:42:04,854 - DY - DEBUG - 等待2秒查询是否已经加载验证码
2019-03-12 12:42:06,855 - DY - INFO - top:289,bottom:554,left:903,right:1162
2019-03-12 12:42:06,855 - DY - INFO - top:289,bottom:554,left:903,right:1162
2019-03-12 12:43:18,024 - DY - DEBUG - {'ck': 'CK.txt', 'LCD1920x1080': {'geetestRightDn': {'y': 522, 'x': 1482}, 'inputCode': {'y': 369, 'x': 1220, 't': 1}, 'register': {'y': 443, 'x': 1340, 't': 0.6}, 'geetestLeftUp': {'y': 255, 'x': 1223}, 'codeValidate': {'y': 365, 'x': 1445, 't': 1}, 'url': {'y': 50, 'x': 265, 't': 1}, 'copyNicknameBegin': {'y': 307, 'x': 798, 't': 1}, 'goonReg': {'y': 505, 'x': 894, 't': 1}, 'copyNicknameEnd': {'y': 307, 'x': 910, 't': 1}, 'pwd': {'y': 315, 'x': 1240, 't': 1}, 'close': {'y': 4, 'x': 1895, 't': 2}, 'nickname': {'y': 258, 'x': 1331, 't': 1}, 'dragSlider': {'y': 439, 'x': 1255, 't': 1}}, 'jiema': {'pwd': 'a1450905541', 'user': 'duanzu145090'}, 'LCD1440x900': {'geetestRightDn': {'y': 554, 'x': 1249}, 'inputCode': {'y': 405, 'x': 990, 't': 1}, 'register': {'y': 477, 'x': 1130, 't': 0.6}, 'geetestLeftUp': {'y': 289, 'x': 990}, 'codeValidate': {'y': 400, 'x': 1222, 't': 1}, 'url': {'y': 81, 'x': 265, 't': 1}, 'copyNicknameBegin': {'y': 340, 'x': 567, 't': 1}, 'goonReg': {'y': 450, 'x': 665, 't': 1}, 'copyNicknameEnd': {'y': 340, 'x': 687, 't': 2}, 'pwd': {'y': 349, 'x': 1010, 't': 1}, 'close': {'y': 45, 'x': 20, 't': 2}, 'nickname': {'y': 290, 'x': 1090, 't': 1}, 'dragSlider': {'y': 473, 'x': 1024, 't': 1}}, 'firecloud': {'pwd': 'd1ruSRiN85ZSDo2srA', 'user': 'kstr2019'}, 'jsyzm': {'pwd': 'RkuTQszg4JXzrUVX', 'user': 'kstr'}, 'e8372h': True, 'jsdati': {'pwd': 'p2q8uHri9Z4NaVs', 'user': 'a707399420'}, 'up': 'upck.txt', 'jiyan': {'pwd': 'STR@1234', 'user': 164515366}, 'acc': 'acc.txt', 'usedati': True, 'LCD1280x800': {'geetestRightDn': {'y': 554, 'x': 1162}, 'inputCode': {'y': 405, 'x': 910, 't': 1}, 'register': {'y': 477, 'x': 1030, 't': 0.6}, 'geetestLeftUp': {'y': 289, 'x': 903}, 'codeValidate': {'y': 400, 'x': 1130, 't': 1}, 'copyCookie': {'y': 115, 'x': 985, 't': 1}, 'url': {'y': 81, 'x': 265, 't': 1}, 'nickname': {'y': 290, 'x': 1005, 't': 1}, 'copyNicknameBegin': {'y': 340, 'x': 479, 't': 1}, 'goonReg': {'y': 435, 'x': 575, 't': 1}, 'copyNicknameEnd': {'y': 339, 'x': 600, 't': 1}, 'pwd': {'y': 349, 'x': 918, 't': 1}, 'close': {'y': 45, 'x': 20, 't': 2}, 'editCookie': {'y': 82, 'x': 1180, 't': 1}, 'dragSlider': {'y': 473, 'x': 936, 't': 1}}, 'usefirecloud': True, 'tmp': {'validate': '', 'challenge': ''}, 'douyulogintest': True, 'dyconsole': {'url': 'http://127.0.0.1:8889/strapi/http.do'}, 'rebootNum': 10, 'upload': False, 'accupdate': False, 'status': 'R', 'useyzm': False, 'accreg': False}
2019-03-12 12:44:18,061 - DY - INFO - 产生随机密码：yn4pOuvQ
2019-03-12 12:44:18,115 - DY - INFO - {'geetestRightDn': {'y': 554, 'x': 1162}, 'inputCode': {'y': 405, 'x': 910, 't': 1}, 'register': {'y': 477, 'x': 1030, 't': 0.6}, 'geetestLeftUp': {'y': 289, 'x': 903}, 'codeValidate': {'y': 400, 'x': 1130, 't': 1}, 'copyCookie': {'y': 115, 'x': 985, 't': 1}, 'url': {'y': 81, 'x': 265, 't': 1}, 'nickname': {'y': 290, 'x': 1005, 't': 1}, 'copyNicknameBegin': {'y': 340, 'x': 479, 't': 1}, 'goonReg': {'y': 435, 'x': 575, 't': 1}, 'copyNicknameEnd': {'y': 339, 'x': 600, 't': 1}, 'pwd': {'y': 349, 'x': 918, 't': 1}, 'close': {'y': 45, 'x': 20, 't': 2}, 'editCookie': {'y': 82, 'x': 1180, 't': 1}, 'dragSlider': {'y': 473, 'x': 936, 't': 1}}
2019-03-12 12:44:27,588 - DY - DEBUG - 已经打开页面:https://passport.douyu.com/member/regNew?client_id=1&lang=cn&state=https%3A%2F%2Fwww.douyu.com%2Fmember%2Fcp
2019-03-12 12:44:32,686 - DY - DEBUG - 接码平台链接: http://huoyun888.cn/api/do.php
2019-03-12 12:44:32,687 - DY - DEBUG - 命令字: action=loginIn&name=kstr2019&password=d1ruSRiN85ZSDo2srA
2019-03-12 12:44:32,687 - DY - DEBUG - post 成功, r.status_code=200
2019-03-12 12:44:32,687 - DY - DEBUG - 返回内容：1|3d21649d8e966e91ca8acfb4d66b66f0
2019-03-12 12:44:32,687 - DY - DEBUG - ['1', '3d21649d8e966e91ca8acfb4d66b66f0']
2019-03-12 12:44:32,826 - DY - DEBUG - 接码平台链接: http://huoyun888.cn/api/do.php
2019-03-12 12:44:32,827 - DY - DEBUG - 命令字: action=getPhone&sid=71&token=3d21649d8e966e91ca8acfb4d66b66f0&vno=0
2019-03-12 12:44:32,827 - DY - DEBUG - post 成功, r.status_code=200
2019-03-12 12:44:32,827 - DY - DEBUG - 返回内容：1|15204056498|辽宁 沈阳
2019-03-12 12:44:32,827 - DY - DEBUG - ['1', '15204056498', '\xe8\xbe\xbd\xe5\xae\x81 \xe6\xb2\x88\xe9\x98\xb3']
2019-03-12 12:44:34,453 - DY - DEBUG - 已输入phone number
2019-03-12 12:44:36,076 - DY - DEBUG - 已输入密码
2019-03-12 12:44:39,549 - DY - DEBUG - 已经点击短信验证
2019-03-12 12:44:39,549 - DY - INFO - 2019-03-12 12:44:39
2019-03-12 12:44:39,549 - DY - DEBUG - 等待2秒查询是否已经加载验证码
2019-03-12 12:44:41,550 - DY - INFO - top:289,bottom:554,left:903,right:1162
2019-03-12 12:44:41,551 - DY - INFO - top:289,bottom:554,left:903,right:1162
2019-03-12 12:44:50,002 - DY - INFO - 图片分辨率(2560, 1600)
2019-03-12 12:44:50,742 - DY - INFO - captcha1.png size: 34KB
2019-03-12 12:44:50,743 - DY - INFO - png size < 75KB
2019-03-12 12:44:50,743 - DY - DEBUG - 没有验证码，直接获取短信验证码
2019-03-12 12:44:50,743 - DY - DEBUG - 等待2秒查询是否出现 继续注册 按钮
2019-03-12 12:45:14,327 - DY - DEBUG - 接码平台链接: http://huoyun888.cn/api/do.php
2019-03-12 12:45:14,328 - DY - DEBUG - 命令字: action=getMessage&sid=71&token=3d21649d8e966e91ca8acfb4d66b66f0&phone=15204056498
2019-03-12 12:45:14,328 - DY - DEBUG - post 成功, r.status_code=200
2019-03-12 12:45:14,328 - DY - DEBUG - 1|【斗鱼直播】验证码：602195，本验证码有效时间5分钟，请勿告知他人。(来至10692853350761)</br>
2019-03-12 12:45:14,329 - DY - DEBUG - 返回内容：1|【斗鱼直播】验证码：602195，本验证码有效时间5分钟，请勿告知他人。(来至10692853350761)</br>
2019-03-12 12:45:14,329 - DY - DEBUG - 返回内容：1|【斗鱼直播】验证码：602195，本验证码有效时间5分钟，请勿告知他人。(来至10692853350761)</br>
2019-03-12 12:45:14,329 - DY - DEBUG - ['1', '\xe3\x80\x90\xe6\x96\x97\xe9\xb1\xbc\xe7\x9b\xb4\xe6\x92\xad\xe3\x80\x91\xe9\xaa\x8c\xe8\xaf\x81\xe7\xa0\x81\xef\xbc\x9a602195\xef\xbc\x8c\xe6\x9c\xac\xe9\xaa\x8c\xe8\xaf\x81\xe7\xa0\x81\xe6\x9c\x89\xe6\x95\x88\xe6\x97\xb6\xe9\x97\xb45\xe5\x88\x86\xe9\x92\x9f\xef\xbc\x8c\xe8\xaf\xb7\xe5\x8b\xbf\xe5\x91\x8a\xe7\x9f\xa5\xe4\xbb\x96\xe4\xba\xba\xe3\x80\x82(\xe6\x9d\xa5\xe8\x87\xb310692853350761)</br>']
2019-03-12 12:45:14,329 - DY - DEBUG - 验证码字符串截取：602195，本验证码有效时间5分钟，请勿告知他人。(来至10692853350761)</br>
2019-03-12 12:45:14,329 - DY - DEBUG - 验证码获取成功：602195
2019-03-12 12:45:14,330 - DY - DEBUG - 收到验证码为：602195
2019-03-12 12:45:14,330 - DY - DEBUG - phone:15204056498,code:602195,pwd:yn4pOuvQ
2019-03-12 12:45:16,035 - DY - DEBUG - 已输入验证码
2019-03-12 12:45:18,023 - DY - DEBUG - 等待3秒，查询注册登陆成功
2019-03-12 12:45:30,652 - DY - INFO - user info url:https://www.douyu.com/member/cp
2019-03-12 12:45:30,653 - DY - DEBUG - 元素已找到，登陆成功
2019-03-12 12:45:30,653 - DY - INFO - 注册成功
2019-03-12 12:54:29,815 - DY - DEBUG - {'ck': 'CK.txt', 'LCD1920x1080': {'geetestRightDn': {'y': 522, 'x': 1482}, 'inputCode': {'y': 369, 'x': 1220, 't': 1}, 'register': {'y': 443, 'x': 1340, 't': 0.6}, 'geetestLeftUp': {'y': 255, 'x': 1223}, 'codeValidate': {'y': 365, 'x': 1445, 't': 1}, 'url': {'y': 50, 'x': 265, 't': 1}, 'copyNicknameBegin': {'y': 307, 'x': 798, 't': 1}, 'goonReg': {'y': 505, 'x': 894, 't': 1}, 'copyNicknameEnd': {'y': 307, 'x': 910, 't': 1}, 'pwd': {'y': 315, 'x': 1240, 't': 1}, 'close': {'y': 4, 'x': 1895, 't': 2}, 'nickname': {'y': 258, 'x': 1331, 't': 1}, 'dragSlider': {'y': 439, 'x': 1255, 't': 1}}, 'jiema': {'pwd': 'a1450905541', 'user': 'duanzu145090'}, 'LCD1440x900': {'geetestRightDn': {'y': 554, 'x': 1249}, 'inputCode': {'y': 405, 'x': 990, 't': 1}, 'register': {'y': 477, 'x': 1130, 't': 0.6}, 'geetestLeftUp': {'y': 289, 'x': 990}, 'codeValidate': {'y': 400, 'x': 1222, 't': 1}, 'url': {'y': 81, 'x': 265, 't': 1}, 'copyNicknameBegin': {'y': 340, 'x': 567, 't': 1}, 'goonReg': {'y': 450, 'x': 665, 't': 1}, 'copyNicknameEnd': {'y': 340, 'x': 687, 't': 2}, 'pwd': {'y': 349, 'x': 1010, 't': 1}, 'close': {'y': 45, 'x': 20, 't': 2}, 'nickname': {'y': 290, 'x': 1090, 't': 1}, 'dragSlider': {'y': 473, 'x': 1024, 't': 1}}, 'firecloud': {'pwd': 'd1ruSRiN85ZSDo2srA', 'user': 'kstr2019'}, 'jsyzm': {'pwd': 'RkuTQszg4JXzrUVX', 'user': 'kstr'}, 'e8372h': True, 'jsdati': {'pwd': 'p2q8uHri9Z4NaVs', 'user': 'a707399420'}, 'up': 'upck.txt', 'jiyan': {'pwd': 'STR@1234', 'user': 164515366}, 'acc': 'acc.txt', 'usedati': True, 'LCD1280x800': {'geetestRightDn': {'y': 554, 'x': 1162}, 'inputCode': {'y': 405, 'x': 910, 't': 1}, 'register': {'y': 477, 'x': 1030, 't': 0.6}, 'geetestLeftUp': {'y': 289, 'x': 903}, 'codeValidate': {'y': 400, 'x': 1130, 't': 1}, 'copyCookie': {'y': 115, 'x': 985, 't': 1}, 'url': {'y': 81, 'x': 265, 't': 1}, 'nickname': {'y': 290, 'x': 1005, 't': 1}, 'copyNicknameBegin': {'y': 340, 'x': 479, 't': 1}, 'goonReg': {'y': 435, 'x': 575, 't': 1}, 'copyNicknameEnd': {'y': 339, 'x': 600, 't': 1}, 'pwd': {'y': 349, 'x': 918, 't': 1}, 'close': {'y': 45, 'x': 20, 't': 2}, 'editCookie': {'y': 82, 'x': 1180, 't': 1}, 'dragSlider': {'y': 473, 'x': 936, 't': 1}}, 'usefirecloud': True, 'tmp': {'validate': '', 'challenge': ''}, 'douyulogintest': True, 'dyconsole': {'url': 'http://127.0.0.1:8889/strapi/http.do'}, 'rebootNum': 10, 'upload': False, 'accupdate': False, 'status': 'R', 'useyzm': False, 'accreg': False}
2019-03-12 12:54:44,291 - DY - INFO - 产生随机密码：3sUaMe2b
2019-03-12 12:54:44,378 - DY - INFO - {'geetestRightDn': {'y': 554, 'x': 1162}, 'inputCode': {'y': 405, 'x': 910, 't': 1}, 'register': {'y': 477, 'x': 1030, 't': 0.6}, 'geetestLeftUp': {'y': 289, 'x': 903}, 'codeValidate': {'y': 400, 'x': 1130, 't': 1}, 'copyCookie': {'y': 115, 'x': 985, 't': 1}, 'url': {'y': 81, 'x': 265, 't': 1}, 'nickname': {'y': 290, 'x': 1005, 't': 1}, 'copyNicknameBegin': {'y': 340, 'x': 479, 't': 1}, 'goonReg': {'y': 435, 'x': 575, 't': 1}, 'copyNicknameEnd': {'y': 339, 'x': 600, 't': 1}, 'pwd': {'y': 349, 'x': 918, 't': 1}, 'close': {'y': 45, 'x': 20, 't': 2}, 'editCookie': {'y': 82, 'x': 1180, 't': 1}, 'dragSlider': {'y': 473, 'x': 936, 't': 1}}
2019-03-12 12:54:53,289 - DY - DEBUG - 已经打开页面:https://passport.douyu.com/member/regNew?client_id=1&lang=cn&state=https%3A%2F%2Fwww.douyu.com%2Fmember%2Fcp
2019-03-12 12:54:58,437 - DY - DEBUG - 接码平台链接: http://huoyun888.cn/api/do.php
2019-03-12 12:54:58,438 - DY - DEBUG - 命令字: action=loginIn&name=kstr2019&password=d1ruSRiN85ZSDo2srA
2019-03-12 12:54:58,438 - DY - DEBUG - post 成功, r.status_code=200
2019-03-12 12:54:58,438 - DY - DEBUG - 返回内容：1|3d21649d8e966e91ca8acfb4d66b66f0
2019-03-12 12:54:58,438 - DY - DEBUG - ['1', '3d21649d8e966e91ca8acfb4d66b66f0']
2019-03-12 12:54:58,635 - DY - DEBUG - 接码平台链接: http://huoyun888.cn/api/do.php
2019-03-12 12:54:58,635 - DY - DEBUG - 命令字: action=getPhone&sid=71&token=3d21649d8e966e91ca8acfb4d66b66f0&vno=0
2019-03-12 12:54:58,635 - DY - DEBUG - post 成功, r.status_code=200
2019-03-12 12:54:58,635 - DY - DEBUG - 返回内容：1|15142050648|辽宁 沈阳
2019-03-12 12:54:58,635 - DY - DEBUG - ['1', '15142050648', '\xe8\xbe\xbd\xe5\xae\x81 \xe6\xb2\x88\xe9\x98\xb3']
2019-03-12 12:55:00,257 - DY - DEBUG - 已输入phone number
2019-03-12 12:55:01,877 - DY - DEBUG - 已输入密码
2019-03-12 12:55:05,352 - DY - DEBUG - 已经点击短信验证
2019-03-12 12:55:05,352 - DY - INFO - 2019-03-12 12:55:05
2019-03-12 12:55:05,352 - DY - DEBUG - 等待2秒查询是否已经加载验证码
2019-03-12 12:55:07,352 - DY - INFO - top:289,bottom:554,left:903,right:1162
2019-03-12 12:55:07,352 - DY - INFO - top:289,bottom:554,left:903,right:1162
2019-03-12 12:55:15,540 - DY - INFO - 图片分辨率(2560, 1600)
2019-03-12 12:55:16,349 - DY - INFO - captcha1.png size: 33KB
2019-03-12 12:55:16,350 - DY - INFO - png size < 75KB
2019-03-12 12:55:16,352 - DY - DEBUG - 没有验证码，直接获取短信验证码
2019-03-12 12:55:16,352 - DY - DEBUG - 等待2秒查询是否出现 继续注册 按钮
2019-03-12 12:55:44,387 - DY - DEBUG - 接码平台链接: http://huoyun888.cn/api/do.php
2019-03-12 12:55:44,387 - DY - DEBUG - 命令字: action=getMessage&sid=71&token=3d21649d8e966e91ca8acfb4d66b66f0&phone=15142050648
2019-03-12 12:55:44,387 - DY - DEBUG - post 成功, r.status_code=200
2019-03-12 12:55:44,388 - DY - DEBUG - 1|【斗鱼直播】验证码：678768，本验证码有效时间5分钟，请勿告知他人。(来至10692853350761)</br>
2019-03-12 12:55:44,388 - DY - DEBUG - 返回内容：1|【斗鱼直播】验证码：678768，本验证码有效时间5分钟，请勿告知他人。(来至10692853350761)</br>
2019-03-12 12:55:44,388 - DY - DEBUG - 返回内容：1|【斗鱼直播】验证码：678768，本验证码有效时间5分钟，请勿告知他人。(来至10692853350761)</br>
2019-03-12 12:55:44,388 - DY - DEBUG - ['1', '\xe3\x80\x90\xe6\x96\x97\xe9\xb1\xbc\xe7\x9b\xb4\xe6\x92\xad\xe3\x80\x91\xe9\xaa\x8c\xe8\xaf\x81\xe7\xa0\x81\xef\xbc\x9a678768\xef\xbc\x8c\xe6\x9c\xac\xe9\xaa\x8c\xe8\xaf\x81\xe7\xa0\x81\xe6\x9c\x89\xe6\x95\x88\xe6\x97\xb6\xe9\x97\xb45\xe5\x88\x86\xe9\x92\x9f\xef\xbc\x8c\xe8\xaf\xb7\xe5\x8b\xbf\xe5\x91\x8a\xe7\x9f\xa5\xe4\xbb\x96\xe4\xba\xba\xe3\x80\x82(\xe6\x9d\xa5\xe8\x87\xb310692853350761)</br>']
2019-03-12 12:55:44,388 - DY - DEBUG - 验证码字符串截取：678768，本验证码有效时间5分钟，请勿告知他人。(来至10692853350761)</br>
2019-03-12 12:55:44,388 - DY - DEBUG - 验证码获取成功：678768
2019-03-12 12:55:44,388 - DY - DEBUG - 收到验证码为：678768
2019-03-12 12:55:44,388 - DY - DEBUG - phone:15142050648,code:678768,pwd:3sUaMe2b
2019-03-12 12:55:46,096 - DY - DEBUG - 已输入验证码
2019-03-12 12:55:48,082 - DY - DEBUG - 等待3秒，查询注册登陆成功
2019-03-12 12:56:00,708 - DY - INFO - user info url:https://www.douyu.com/member/cp
2019-03-12 12:56:00,709 - DY - DEBUG - 元素已找到，登陆成功
2019-03-12 12:56:00,709 - DY - INFO - 注册成功
2019-03-12 12:56:13,667 - DY - DEBUG - username: 用户288456729
2019-03-12 12:56:13,668 - DY - DEBUG - <type 'str'>
2019-03-12 12:56:13,668 - DY - DEBUG - nickname:用户288456729,phone:15142050648, pwd:3sUaMe2b, cooike:dy_did=ff2c86ae1d6c4d6c46ffcd7d75231501; Hm_lpvt_e99aee90ec1b2106afe7ec3b199020a7=1552366549; Hm_lvt_e99aee90ec1b2106afe7ec3b199020a7=1552366492; smidV2=201903121254526d56a86a78fa6d5c1497dd94a8a3ed1700d8e54db6621c120; wan_auth37wan=72e8e4989728er8qQVE%2Bb5g3k1JC1Mu45oWVcVyVsgpwPNRTj%2FbRcr0nLKXoXYT%2Ft2lpQWQ4LdeNSoNptcdGSbZPLCMyynsJoTH8QK4NM2PizRmaRN8; acf_auth=6785NIwYFxh3WUvOaKNRFbQTotbxZhOx1h2TWZNskR7q4oyMAexByqWv7mQb6U9eJGEsIiUwCTzvybA6ZO70%2BlwgbetLEMMepDozCqyz9biEYk3553UpsAY; acf_avatar=https%3A%2F%2Fapic.douyucdn.cn%2Fupload%2Favatar%2Fdefault%2F06_; acf_biz=1; acf_ct=0; acf_devid=d0c708b7bbe93af45ac6058c0b2881bd; acf_did=ff2c86ae1d6c4d6c46ffcd7d75231501; acf_groupid=1; acf_isNewUser=1; acf_ltkid=30275530; acf_nickname=%E7%94%A8%E6%88%B7288456729; acf_own_room=0; acf_phonestatus=1; acf_stk=db4375783f25f1a4; acf_uid=275353019; acf_username=275353019; PHPSESSID=mao0vpck5pdn49j6dk5gls14n3
2019-03-12 14:01:03,299 - DY - INFO - 产生随机密码：jsY8ezEh
2019-03-12 14:01:03,306 - DY - INFO - {'geetestRightDn': {'y': 554, 'x': 1162}, 'inputCode': {'y': 405, 'x': 910, 't': 1}, 'register': {'y': 477, 'x': 1030, 't': 0.6}, 'geetestLeftUp': {'y': 289, 'x': 903}, 'codeValidate': {'y': 400, 'x': 1130, 't': 1}, 'copyCookie': {'y': 115, 'x': 985, 't': 1}, 'url': {'y': 81, 'x': 265, 't': 1}, 'nickname': {'y': 290, 'x': 1005, 't': 1}, 'copyNicknameBegin': {'y': 340, 'x': 479, 't': 1}, 'goonReg': {'y': 435, 'x': 575, 't': 1}, 'copyNicknameEnd': {'y': 339, 'x': 600, 't': 1}, 'pwd': {'y': 349, 'x': 918, 't': 1}, 'close': {'y': 45, 'x': 20, 't': 2}, 'editCookie': {'y': 82, 'x': 1180, 't': 1}, 'dragSlider': {'y': 473, 'x': 936, 't': 1}}
2019-03-12 14:01:10,959 - DY - DEBUG - 已经打开页面:https://passport.douyu.com/member/regNew?client_id=1&lang=cn&state=https%3A%2F%2Fwww.douyu.com%2Fmember%2Fcp
2019-03-12 14:01:16,067 - DY - DEBUG - 接码平台链接: http://huoyun888.cn/api/do.php
2019-03-12 14:01:16,067 - DY - DEBUG - 命令字: action=loginIn&name=kstr2019&password=d1ruSRiN85ZSDo2srA
2019-03-12 14:01:16,067 - DY - DEBUG - post 成功, r.status_code=200
2019-03-12 14:01:16,067 - DY - DEBUG - 返回内容：1|3d21649d8e966e91ca8acfb4d66b66f0
2019-03-12 14:01:16,067 - DY - DEBUG - ['1', '3d21649d8e966e91ca8acfb4d66b66f0']
2019-03-12 14:01:16,215 - DY - DEBUG - 接码平台链接: http://huoyun888.cn/api/do.php
2019-03-12 14:01:16,215 - DY - DEBUG - 命令字: action=getPhone&sid=71&token=3d21649d8e966e91ca8acfb4d66b66f0&vno=0
2019-03-12 14:01:16,215 - DY - DEBUG - post 成功, r.status_code=200
2019-03-12 14:01:16,216 - DY - DEBUG - 返回内容：1|15204010149|辽宁 沈阳
2019-03-12 14:01:16,216 - DY - DEBUG - ['1', '15204010149', '\xe8\xbe\xbd\xe5\xae\x81 \xe6\xb2\x88\xe9\x98\xb3']
2019-03-12 14:01:17,838 - DY - DEBUG - 已输入phone number
2019-03-12 14:01:19,461 - DY - DEBUG - 已输入密码
2019-03-12 14:01:22,939 - DY - DEBUG - 已经点击短信验证
2019-03-12 14:01:22,941 - DY - INFO - 2019-03-12 14:01:22
2019-03-12 14:01:22,941 - DY - DEBUG - 等待2秒查询是否已经加载验证码
2019-03-12 14:01:24,942 - DY - INFO - top:289,bottom:554,left:903,right:1162
2019-03-12 14:01:24,942 - DY - INFO - top:289,bottom:554,left:903,right:1162
2019-03-12 14:01:32,559 - DY - INFO - 图片分辨率(2560, 1600)
2019-03-12 14:01:33,406 - DY - INFO - captcha1.png size: 33KB
2019-03-12 14:01:33,406 - DY - INFO - png size < 75KB
2019-03-12 14:01:33,407 - DY - DEBUG - 没有验证码，直接获取短信验证码
2019-03-12 14:01:33,407 - DY - DEBUG - 等待2秒查询是否出现 继续注册 按钮
2019-03-12 14:01:56,955 - DY - DEBUG - 接码平台链接: http://huoyun888.cn/api/do.php
2019-03-12 14:01:56,955 - DY - DEBUG - 命令字: action=getMessage&sid=71&token=3d21649d8e966e91ca8acfb4d66b66f0&phone=15204010149
2019-03-12 14:01:56,956 - DY - DEBUG - post 成功, r.status_code=200
2019-03-12 14:01:56,956 - DY - DEBUG - 1|【斗鱼直播】验证码：222499，本验证码有效时间5分钟，请勿告知他人。(来至10692853350761)</br>
2019-03-12 14:01:56,956 - DY - DEBUG - 返回内容：1|【斗鱼直播】验证码：222499，本验证码有效时间5分钟，请勿告知他人。(来至10692853350761)</br>
2019-03-12 14:01:56,956 - DY - DEBUG - 返回内容：1|【斗鱼直播】验证码：222499，本验证码有效时间5分钟，请勿告知他人。(来至10692853350761)</br>
2019-03-12 14:01:56,956 - DY - DEBUG - ['1', '\xe3\x80\x90\xe6\x96\x97\xe9\xb1\xbc\xe7\x9b\xb4\xe6\x92\xad\xe3\x80\x91\xe9\xaa\x8c\xe8\xaf\x81\xe7\xa0\x81\xef\xbc\x9a222499\xef\xbc\x8c\xe6\x9c\xac\xe9\xaa\x8c\xe8\xaf\x81\xe7\xa0\x81\xe6\x9c\x89\xe6\x95\x88\xe6\x97\xb6\xe9\x97\xb45\xe5\x88\x86\xe9\x92\x9f\xef\xbc\x8c\xe8\xaf\xb7\xe5\x8b\xbf\xe5\x91\x8a\xe7\x9f\xa5\xe4\xbb\x96\xe4\xba\xba\xe3\x80\x82(\xe6\x9d\xa5\xe8\x87\xb310692853350761)</br>']
2019-03-12 14:01:56,956 - DY - DEBUG - 验证码字符串截取：222499，本验证码有效时间5分钟，请勿告知他人。(来至10692853350761)</br>
2019-03-12 14:01:56,956 - DY - DEBUG - 验证码获取成功：222499
2019-03-12 14:01:56,956 - DY - DEBUG - 收到验证码为：222499
2019-03-12 14:01:56,957 - DY - DEBUG - phone:15204010149,code:222499,pwd:jsY8ezEh
2019-03-12 14:01:58,665 - DY - DEBUG - 已输入验证码
2019-03-12 14:02:00,652 - DY - DEBUG - 等待3秒，查询注册登陆成功
2019-03-12 14:02:13,276 - DY - INFO - user info url:https://www.douyu.com/member/cp
2019-03-12 14:02:13,276 - DY - DEBUG - 元素已找到，登陆成功
2019-03-12 14:02:13,277 - DY - INFO - 注册成功
2019-03-12 14:02:26,234 - DY - DEBUG - username: 用户11381811
2019-03-12 14:02:26,234 - DY - DEBUG - <type 'str'>
2019-03-12 14:02:26,234 - DY - DEBUG - nickname:用户11381811,phone:15204010149, pwd:jsY8ezEh, cooike:dy_did=2dd63da51b24888260c5362b76231501; Hm_lpvt_e99aee90ec1b2106afe7ec3b199020a7=1552370521; Hm_lvt_e99aee90ec1b2106afe7ec3b199020a7=1552370470; smidV2=2019031214011094926d320f7670708de34dbbefc3f95300fba20cb284c9aa0; wan_auth37wan=27976ebf38bbdfO5GVX0mS%2BTSPoP3J5BqTCjirEn92SbS7YKt52i3pzwDsOrN6BXbuQ%2Bg4j6iTN5hXAXavENltBuYt8CSjp3ZIpwepSvcglkUlE3bKg; acf_auth=3b97woH6ynJf3GSQq1ly7zWh3qtWUxVRAu9ZaPCOPl%2BRW75qJwRZUAM2GFJQe%2Bu0EddY%2FLFKYm%2FXmyXVMikqT7T3URRPYdG4qI1jrdCZ6XnAvlD2E2oWp40; acf_avatar=https%3A%2F%2Fapic.douyucdn.cn%2Fupload%2Favatar%2Fdefault%2F13_; acf_biz=1; acf_ct=0; acf_devid=791eeda8fa398c323d70e13bcf956e75; acf_did=2dd63da51b24888260c5362b76231501; acf_groupid=1; acf_isNewUser=1; acf_ltkid=18720784; acf_nickname=%E7%94%A8%E6%88%B711381811; acf_own_room=0; acf_phonestatus=1; acf_stk=5c1109439ed63bd0; acf_uid=275369999; acf_username=275369999; PHPSESSID=6b2s4vm19k59toc4ag8hf0ajc1
2019-03-12 14:35:46,629 - DY - DEBUG - {'ck': 'CK.txt', 'LCD1920x1080': {'geetestRightDn': {'y': 522, 'x': 1482}, 'inputCode': {'y': 369, 'x': 1220, 't': 1}, 'register': {'y': 443, 'x': 1340, 't': 0.6}, 'geetestLeftUp': {'y': 255, 'x': 1223}, 'codeValidate': {'y': 365, 'x': 1445, 't': 1}, 'url': {'y': 50, 'x': 265, 't': 1}, 'copyNicknameBegin': {'y': 307, 'x': 798, 't': 1}, 'goonReg': {'y': 505, 'x': 894, 't': 1}, 'copyNicknameEnd': {'y': 307, 'x': 910, 't': 1}, 'pwd': {'y': 315, 'x': 1240, 't': 1}, 'close': {'y': 4, 'x': 1895, 't': 2}, 'nickname': {'y': 258, 'x': 1331, 't': 1}, 'dragSlider': {'y': 439, 'x': 1255, 't': 1}}, 'jiema': {'pwd': 'a1450905541', 'user': 'duanzu145090'}, 'LCD1440x900': {'geetestRightDn': {'y': 554, 'x': 1249}, 'inputCode': {'y': 405, 'x': 990, 't': 1}, 'register': {'y': 477, 'x': 1130, 't': 0.6}, 'geetestLeftUp': {'y': 289, 'x': 990}, 'codeValidate': {'y': 400, 'x': 1222, 't': 1}, 'url': {'y': 81, 'x': 265, 't': 1}, 'copyNicknameBegin': {'y': 340, 'x': 567, 't': 1}, 'goonReg': {'y': 450, 'x': 665, 't': 1}, 'copyNicknameEnd': {'y': 340, 'x': 687, 't': 2}, 'pwd': {'y': 349, 'x': 1010, 't': 1}, 'close': {'y': 45, 'x': 20, 't': 2}, 'nickname': {'y': 290, 'x': 1090, 't': 1}, 'dragSlider': {'y': 473, 'x': 1024, 't': 1}}, 'firecloud': {'pwd': 'd1ruSRiN85ZSDo2srA', 'user': 'kstr2019'}, 'jsyzm': {'pwd': 'RkuTQszg4JXzrUVX', 'user': 'kstr'}, 'e8372h': True, 'jsdati': {'pwd': 'p2q8uHri9Z4NaVs', 'user': 'a707399420'}, 'up': 'upck.txt', 'jiyan': {'pwd': 'STR@1234', 'user': 164515366}, 'acc': 'acc.txt', 'usedati': True, 'LCD1280x800': {'geetestRightDn': {'y': 554, 'x': 1162}, 'inputCode': {'y': 405, 'x': 910, 't': 1}, 'register': {'y': 477, 'x': 1030, 't': 0.6}, 'geetestLeftUp': {'y': 289, 'x': 903}, 'codeValidate': {'y': 400, 'x': 1130, 't': 1}, 'copyCookie': {'y': 115, 'x': 985, 't': 1}, 'url': {'y': 81, 'x': 265, 't': 1}, 'nickname': {'y': 290, 'x': 1005, 't': 1}, 'copyNicknameBegin': {'y': 340, 'x': 479, 't': 1}, 'goonReg': {'y': 435, 'x': 575, 't': 1}, 'copyNicknameEnd': {'y': 339, 'x': 600, 't': 1}, 'pwd': {'y': 349, 'x': 918, 't': 1}, 'close': {'y': 45, 'x': 20, 't': 2}, 'editCookie': {'y': 82, 'x': 1180, 't': 1}, 'dragSlider': {'y': 473, 'x': 936, 't': 1}}, 'usefirecloud': True, 'tmp': {'validate': '', 'challenge': ''}, 'douyulogintest': True, 'dyconsole': {'url': 'http://127.0.0.1:8889/strapi/http.do'}, 'rebootNum': 10, 'upload': False, 'accupdate': False, 'status': 'R', 'useyzm': False, 'accreg': False}
2019-03-12 14:36:15,058 - DY - INFO - 产生随机密码：GVcPWL9c
2019-03-12 14:36:15,120 - DY - INFO - {'geetestRightDn': {'y': 554, 'x': 1162}, 'inputCode': {'y': 405, 'x': 910, 't': 1}, 'register': {'y': 477, 'x': 1030, 't': 0.6}, 'geetestLeftUp': {'y': 289, 'x': 903}, 'codeValidate': {'y': 400, 'x': 1130, 't': 1}, 'copyCookie': {'y': 115, 'x': 985, 't': 1}, 'url': {'y': 81, 'x': 265, 't': 1}, 'nickname': {'y': 290, 'x': 1005, 't': 1}, 'copyNicknameBegin': {'y': 340, 'x': 479, 't': 1}, 'goonReg': {'y': 435, 'x': 575, 't': 1}, 'copyNicknameEnd': {'y': 339, 'x': 600, 't': 1}, 'pwd': {'y': 349, 'x': 918, 't': 1}, 'close': {'y': 45, 'x': 20, 't': 2}, 'editCookie': {'y': 82, 'x': 1180, 't': 1}, 'dragSlider': {'y': 473, 'x': 936, 't': 1}}
2019-03-12 14:36:22,246 - DY - DEBUG - 已经打开页面:https://passport.douyu.com/member/regNew?client_id=1&lang=cn&state=https%3A%2F%2Fwww.douyu.com%2Fmember%2Fcp
2019-03-12 14:36:27,348 - DY - DEBUG - 接码平台链接: http://huoyun888.cn/api/do.php
2019-03-12 14:36:27,348 - DY - DEBUG - 命令字: action=loginIn&name=kstr2019&password=d1ruSRiN85ZSDo2srA
2019-03-12 14:36:27,349 - DY - DEBUG - post 成功, r.status_code=200
2019-03-12 14:36:27,349 - DY - DEBUG - 返回内容：1|3d21649d8e966e91ca8acfb4d66b66f0
2019-03-12 14:36:27,349 - DY - DEBUG - ['1', '3d21649d8e966e91ca8acfb4d66b66f0']
2019-03-12 14:36:27,496 - DY - DEBUG - 接码平台链接: http://huoyun888.cn/api/do.php
2019-03-12 14:36:27,497 - DY - DEBUG - 命令字: action=getPhone&sid=71&token=3d21649d8e966e91ca8acfb4d66b66f0&vno=0
2019-03-12 14:36:27,497 - DY - DEBUG - post 成功, r.status_code=200
2019-03-12 14:36:27,497 - DY - DEBUG - 返回内容：1|15142527448|辽宁 沈阳
2019-03-12 14:36:27,497 - DY - DEBUG - ['1', '15142527448', '\xe8\xbe\xbd\xe5\xae\x81 \xe6\xb2\x88\xe9\x98\xb3']
2019-03-12 14:36:29,123 - DY - DEBUG - 已输入phone number
2019-03-12 14:36:30,759 - DY - DEBUG - 已输入密码
2019-03-12 14:36:34,250 - DY - DEBUG - 已经点击短信验证
2019-03-12 14:36:34,250 - DY - INFO - 2019-03-12 14:36:34
2019-03-12 14:36:34,250 - DY - DEBUG - 等待2秒查询是否已经加载验证码
2019-03-12 14:36:36,251 - DY - INFO - top:289,bottom:554,left:903,right:1162
2019-03-12 14:36:36,251 - DY - INFO - top:289,bottom:554,left:903,right:1162
2019-03-12 14:36:39,650 - DY - INFO - 图片分辨率(2560, 1600)
2019-03-12 14:36:39,958 - DY - INFO - png/20190312143616.png size: 33KB
2019-03-12 14:36:39,958 - DY - INFO - png size < 75KB
2019-03-12 14:36:39,958 - DY - DEBUG - 没有验证码，直接获取短信验证码
2019-03-12 14:36:39,958 - DY - DEBUG - 等待2秒查询是否出现 继续注册 按钮
2019-03-12 14:37:03,538 - DY - DEBUG - 接码平台链接: http://huoyun888.cn/api/do.php
2019-03-12 14:37:03,538 - DY - DEBUG - 命令字: action=getMessage&sid=71&token=3d21649d8e966e91ca8acfb4d66b66f0&phone=15142527448
2019-03-12 14:37:03,538 - DY - DEBUG - post 成功, r.status_code=200
2019-03-12 14:37:03,539 - DY - DEBUG - 1|【斗鱼直播】验证码：407649，本验证码有效时间5分钟，请勿告知他人。(来至10692659317596)</br>
2019-03-12 14:37:03,539 - DY - DEBUG - 返回内容：1|【斗鱼直播】验证码：407649，本验证码有效时间5分钟，请勿告知他人。(来至10692659317596)</br>
2019-03-12 14:37:03,539 - DY - DEBUG - 返回内容：1|【斗鱼直播】验证码：407649，本验证码有效时间5分钟，请勿告知他人。(来至10692659317596)</br>
2019-03-12 14:37:03,539 - DY - DEBUG - ['1', '\xe3\x80\x90\xe6\x96\x97\xe9\xb1\xbc\xe7\x9b\xb4\xe6\x92\xad\xe3\x80\x91\xe9\xaa\x8c\xe8\xaf\x81\xe7\xa0\x81\xef\xbc\x9a407649\xef\xbc\x8c\xe6\x9c\xac\xe9\xaa\x8c\xe8\xaf\x81\xe7\xa0\x81\xe6\x9c\x89\xe6\x95\x88\xe6\x97\xb6\xe9\x97\xb45\xe5\x88\x86\xe9\x92\x9f\xef\xbc\x8c\xe8\xaf\xb7\xe5\x8b\xbf\xe5\x91\x8a\xe7\x9f\xa5\xe4\xbb\x96\xe4\xba\xba\xe3\x80\x82(\xe6\x9d\xa5\xe8\x87\xb310692659317596)</br>']
2019-03-12 14:37:03,539 - DY - DEBUG - 验证码字符串截取：407649，本验证码有效时间5分钟，请勿告知他人。(来至10692659317596)</br>
2019-03-12 14:37:03,539 - DY - DEBUG - 验证码获取成功：407649
2019-03-12 14:37:03,539 - DY - DEBUG - 收到验证码为：407649
2019-03-12 14:37:03,539 - DY - DEBUG - phone:15142527448,code:407649,pwd:GVcPWL9c
2019-03-12 14:37:05,260 - DY - DEBUG - 已输入验证码
2019-03-12 14:37:07,252 - DY - DEBUG - 等待3秒，查询注册登陆成功
2019-03-12 14:37:19,897 - DY - INFO - user info url:https://www.douyu.com/member/cp
2019-03-12 14:37:19,897 - DY - DEBUG - 元素已找到，登陆成功
2019-03-12 14:37:19,897 - DY - INFO - 注册成功
2019-03-12 14:37:32,892 - DY - DEBUG - username: 用户44005193
2019-03-12 14:37:32,893 - DY - DEBUG - <type 'str'>
2019-03-12 14:37:32,894 - DY - DEBUG - nickname:用户44005193,phone:15142527448, pwd:GVcPWL9c, cooike:dy_did=6d1aadcad19b7b9291b0dfec78231501; Hm_lpvt_e99aee90ec1b2106afe7ec3b199020a7=1552372628; Hm_lvt_e99aee90ec1b2106afe7ec3b199020a7=1552372581; smidV2=201903121436213b7935e0a7c962dbc1be9f6f901192a500ccf65106e88a730; wan_auth37wan=584188a7893b0ULWj2qyErhArRlHfpRFVBXPZqDYYuBPSmcVDRnM1EM07k61n5DdGf5%2BTuMlizjqwCL4QyzM1BaAZMymks6Kfe3x7PlDy%2F9Nm5Nq5Yk; acf_auth=ce05orNV82BE57hT8OPilngX%2B%2BQ2Up%2BHLN5MpgWGQCLvY9cDQan3XkxwdNfnt6dd%2BaAK6suS0iG9wo7BpF1kdCisblAmIUt1%2Bl9B7e4e%2B0MSlWFtLw6p6lA; acf_avatar=https%3A%2F%2Fapic.douyucdn.cn%2Fupload%2Favatar%2Fdefault%2F01_; acf_biz=1; acf_ct=0; acf_devid=1c79068215b80c163579afbe829a6efc; acf_did=6d1aadcad19b7b9291b0dfec78231501; acf_groupid=1; acf_isNewUser=1; acf_ltkid=48543570; acf_nickname=%E7%94%A8%E6%88%B744005193; acf_own_room=0; acf_phonestatus=1; acf_stk=9ebf80c7fe91b159; acf_uid=275380430; acf_username=275380430; PHPSESSID=au1o622pqbmp6me3m6eivbf6n4
